[10:53:40] [main/INFO]: ModLauncher running: args [--username, PrimalCat, --version, neoforge-21.1.192, --gameDir, E:\Games\CurseForge\Instances\Melorium, --assetsDir, E:\Games\CurseForge\Install\assets, --assetIndex, 17, --uuid, a12ee55144c946b6ba9ae13e52664f0a, --accessToken, ❄❄❄❄❄❄❄❄, --clientId, MmRlOTY3MTMtMDFkYi00MzNiLTljMDEtN2FkNWM4ZDlkNzdi, --xuid, 2535438840397807, --userType, msa, --versionType, release, --width, 1024, --height, 768, --quickPlayPath, E:\Games\CurseForge\Install\quickPlay\java\1752566016940.json, --fml.neoForgeVersion, 21.1.192, --fml.fmlVersion, 4.0.41, --fml.mcVersion, 1.21.1, --fml.neoFormVersion, 20240808.144430, --launchTarget, forgeclient]
[10:53:40] [main/INFO]: JVM identified as Microsoft OpenJDK 64-Bit Server VM 21.0.7+6-LTS
[10:53:40] [main/INFO]: ModLauncher 11.0.5+main.901c6ea8 starting: java version 21.0.7 by Microsoft; OS Windows 11 arch amd64 version 10.0
[10:53:41] [main/INFO]: Loading ImmediateWindowProvider fmlearlywindow
[10:53:41] [main/INFO]: Trying GL version 4.6
[10:53:41] [main/INFO]: Requested GL version 4.6 got version 4.6
[10:53:41] [main/INFO]: SpongePowered MIXIN Subsystem Version=0.8.7 Source=union:/E:/Games/CurseForge/Install/libraries/net/fabricmc/sponge-mixin/0.15.2+mixin.0.8.7/sponge-mixin-0.15.2+mixin.0.8.7.jar%23121!/ Service=ModLauncher Env=CLIENT
[10:53:41] [pool-2-thread-1/INFO]: GL info: AMD Radeon RX 6700 XT GL version 4.6.0 Core Profile Context 25.6.1.250522, ATI Technologies Inc.
[10:53:41] [main/INFO]: Found mod file "client-1.21.1-20240808.144430-srg.jar" [locator: production client provider +net.neoforged:neoforge:21.1.192:client]
[10:53:41] [main/INFO]: Found mod file "neoforge-21.1.192-universal.jar" [locator: PathBasedLocator[name=neoforge, paths=[E:\Games\CurseForge\Install\libraries\net\neoforged\neoforge\21.1.192\neoforge-21.1.192-universal.jar]], reader: mod manifest]
[10:53:41] [main/INFO]: Found 2 dependencies adding them to mods collection
[10:53:41] [main/INFO]: Found gamelibrary file "mixinextras-neoforge-0.4.1.jar" [parent: neoforge-21.1.192-universal.jar, locator: jarinjar, reader: mod manifest]
[10:53:41] [main/INFO]: Found library file "net.neoforged.neoforge-coremods-21.1.192.jar" [parent: neoforge-21.1.192-universal.jar, locator: jarinjar, reader: mod manifest]
[10:53:41] [main/INFO]: 
     Mod List:
		Name Version (Mod Id)

		Minecraft 1.21.1 (minecraft)
		NeoForge 21.1.192 (neoforge)
[10:53:42] [main/INFO]: Launching target 'forgeclient' with arguments [--version, neoforge-21.1.192, --gameDir, E:\Games\CurseForge\Instances\Melorium, --assetsDir, E:\Games\CurseForge\Install\assets, --uuid, a12ee55144c946b6ba9ae13e52664f0a, --username, PrimalCat, --assetIndex, 17, --accessToken, ❄❄❄❄❄❄❄❄, --clientId, MmRlOTY3MTMtMDFkYi00MzNiLTljMDEtN2FkNWM4ZDlkNzdi, --xuid, 2535438840397807, --userType, msa, --versionType, release, --width, 1024, --height, 768, --quickPlayPath, E:\Games\CurseForge\Install\quickPlay\java\1752566016940.json]
[15Jul2025 10:53:43.893] [Datafixer Bootstrap/INFO] [com.mojang.datafixers.DataFixerBuilder/]: 229 Datafixer optimizations took 377 milliseconds
[15Jul2025 10:53:44.042] [pool-6-thread-1/INFO] [MixinExtras|Service/]: Initializing MixinExtras via com.llamalad7.mixinextras.service.MixinExtrasServiceImpl(version=0.4.1).
[15Jul2025 10:53:48.461] [Render thread/WARN] [net.minecraft.server.packs.VanillaPackResourcesBuilder/]: Assets URL 'union:/E:/Games/CurseForge/Install/libraries/net/minecraft/client/1.21.1-20240808.144430/client-1.21.1-20240808.144430-srg.jar%23188!/assets/.mcassetsroot' uses unexpected schema
[15Jul2025 10:53:48.461] [Render thread/WARN] [net.minecraft.server.packs.VanillaPackResourcesBuilder/]: Assets URL 'union:/E:/Games/CurseForge/Install/libraries/net/minecraft/client/1.21.1-20240808.144430/client-1.21.1-20240808.144430-srg.jar%23188!/data/.mcassetsroot' uses unexpected schema
[15Jul2025 10:53:48.486] [Render thread/INFO] [com.mojang.authlib.yggdrasil.YggdrasilAuthenticationService/]: Environment: Environment[sessionHost=https://sessionserver.mojang.com, servicesHost=https://api.minecraftservices.com, name=PROD]
[15Jul2025 10:53:48.496] [Render thread/INFO] [net.minecraft.client.Minecraft/]: Setting user: PrimalCat
[15Jul2025 10:53:48.563] [Render thread/INFO] [net.minecraft.client.Minecraft/]: Backend library: LWJGL version 3.3.3+5
[15Jul2025 10:53:48.794] [modloading-worker-0/INFO] [net.neoforged.neoforge.common.NeoForgeMod/NEOFORGE-MOD]: NeoForge mod loading, version 21.1.192, for MC 1.21.1
[15Jul2025 10:53:49.888] [Render thread/INFO] [net.minecraft.server.packs.resources.ReloadableResourceManager/]: Reloading ResourceManager: vanilla, mod_resources, mod/neoforge
[15Jul2025 10:53:49.984] [Worker-Main-7/INFO] [net.minecraft.client.gui.font.providers.UnihexProvider/]: Found unifont_all_no_pua-15.1.05.hex, loading
[15Jul2025 10:53:50.147] [Worker-Main-8/INFO] [net.minecraft.client.gui.font.providers.UnihexProvider/]: Found unifont_jp_patch-15.1.05.hex, loading
[15Jul2025 10:53:51.312] [Render thread/WARN] [net.minecraft.client.sounds.SoundEngine/]: Missing sound for event: minecraft:item.goat_horn.play
[15Jul2025 10:53:51.312] [Render thread/WARN] [net.minecraft.client.sounds.SoundEngine/]: Missing sound for event: minecraft:entity.goat.screaming.horn_break
[15Jul2025 10:53:51.363] [Render thread/INFO] [com.mojang.blaze3d.audio.Library/]: OpenAL initialized on device OpenAL Soft on Headphones (High Definition Audio Device)
[15Jul2025 10:53:51.363] [Render thread/INFO] [net.minecraft.client.sounds.SoundEngine/SOUNDS]: Sound engine started
[15Jul2025 10:53:51.529] [Render thread/INFO] [net.minecraft.client.renderer.texture.TextureAtlas/]: Created: 1024x512x4 minecraft:textures/atlas/blocks.png-atlas
[15Jul2025 10:53:51.542] [Render thread/INFO] [net.minecraft.client.renderer.texture.TextureAtlas/]: Created: 256x256x4 minecraft:textures/atlas/signs.png-atlas
[15Jul2025 10:53:51.543] [Render thread/INFO] [net.minecraft.client.renderer.texture.TextureAtlas/]: Created: 512x512x4 minecraft:textures/atlas/shield_patterns.png-atlas
[15Jul2025 10:53:51.544] [Render thread/INFO] [net.minecraft.client.renderer.texture.TextureAtlas/]: Created: 512x512x4 minecraft:textures/atlas/banner_patterns.png-atlas
[15Jul2025 10:53:51.544] [Render thread/INFO] [net.minecraft.client.renderer.texture.TextureAtlas/]: Created: 1024x1024x4 minecraft:textures/atlas/armor_trims.png-atlas
[15Jul2025 10:53:51.551] [Render thread/INFO] [net.minecraft.client.renderer.texture.TextureAtlas/]: Created: 128x64x4 minecraft:textures/atlas/decorated_pot.png-atlas
[15Jul2025 10:53:51.551] [Render thread/INFO] [net.minecraft.client.renderer.texture.TextureAtlas/]: Created: 256x256x4 minecraft:textures/atlas/chest.png-atlas
[15Jul2025 10:53:51.551] [Render thread/INFO] [net.minecraft.client.renderer.texture.TextureAtlas/]: Created: 512x256x4 minecraft:textures/atlas/shulker_boxes.png-atlas
[15Jul2025 10:53:51.552] [Render thread/INFO] [net.minecraft.client.renderer.texture.TextureAtlas/]: Created: 512x256x4 minecraft:textures/atlas/beds.png-atlas
[15Jul2025 10:53:51.721] [Render thread/INFO] [net.minecraft.client.renderer.texture.TextureAtlas/]: Created: 512x256x0 minecraft:textures/atlas/particles.png-atlas
[15Jul2025 10:53:51.723] [Render thread/INFO] [net.minecraft.client.renderer.texture.TextureAtlas/]: Created: 512x256x0 minecraft:textures/atlas/paintings.png-atlas
[15Jul2025 10:53:51.724] [Render thread/INFO] [net.minecraft.client.renderer.texture.TextureAtlas/]: Created: 256x128x0 minecraft:textures/atlas/mob_effects.png-atlas
[15Jul2025 10:53:51.724] [Render thread/INFO] [net.minecraft.client.renderer.texture.TextureAtlas/]: Created: 64x64x0 minecraft:textures/atlas/map_decorations.png-atlas
[15Jul2025 10:53:51.725] [Render thread/INFO] [net.minecraft.client.renderer.texture.TextureAtlas/]: Created: 1024x512x0 minecraft:textures/atlas/gui.png-atlas
[15Jul2025 10:53:52.029] [Render thread/WARN] [net.minecraft.client.renderer.ShaderInstance/]: Shader rendertype_entity_translucent_emissive could not find sampler named Sampler2 in the specified shader program.
[15Jul2025 10:53:52.618] [Render thread/INFO] [net.neoforged.neoforge.client.entity.animation.json.AnimationLoader/]: Loaded 0 entity animations
